16:53:02.499 [main] INFO  com.swaglabs.utils.LogUtility - loading project config.properties file
16:53:02.503 [main] INFO  com.swaglabs.utils.LogUtility - opening broswer : edge, HeadlessMode :false
16:53:11.368 [main] INFO  com.swaglabs.utils.LogUtility - quiting browser...
16:53:12.099 [main] INFO  com.swaglabs.utils.LogUtility - loading project config.properties file
16:53:12.100 [main] INFO  com.swaglabs.utils.LogUtility - opening broswer : edge, HeadlessMode :false
16:53:19.396 [main] ERROR com.swaglabs.utils.LogUtility - user not in products page. error occurred 
16:53:19.401 [main] INFO  com.swaglabs.utils.LogUtility - taking screenshot on failed scenario : positive and negative login tests
16:53:19.560 [main] INFO  com.swaglabs.utils.LogUtility - quiting browser...
16:53:20.285 [main] INFO  com.swaglabs.utils.LogUtility - loading project config.properties file
16:53:20.286 [main] INFO  com.swaglabs.utils.LogUtility - opening broswer : edge, HeadlessMode :false
16:53:26.698 [main] INFO  com.swaglabs.utils.LogUtility - quiting browser...
16:54:16.924 [TestNG-test=user buy product step by step-1] INFO  com.swaglabs.utils.LogUtility - loading project config.properties file
16:54:16.927 [TestNG-test=user buy product step by step-1] INFO  com.swaglabs.utils.LogUtility - opening broswer : edge, HeadlessMode :false
16:54:27.419 [TestNG-test=user buy product step by step-1] INFO  com.swaglabs.utils.LogUtility - quiting browser...
16:54:28.140 [TestNG-test=user buy product step by step-1] INFO  com.swaglabs.utils.LogUtility - loading project config.properties file
16:54:28.140 [TestNG-test=user buy product step by step-1] INFO  com.swaglabs.utils.LogUtility - opening broswer : edge, HeadlessMode :false
16:54:33.803 [TestNG-test=user buy product step by step-1] ERROR com.swaglabs.utils.LogUtility - user not in products page. error occurred 
16:54:33.807 [TestNG-test=user buy product step by step-1] INFO  com.swaglabs.utils.LogUtility - taking screenshot on failed scenario : positive and negative login tests
16:54:33.959 [TestNG-test=user buy product step by step-1] INFO  com.swaglabs.utils.LogUtility - quiting browser...
16:54:34.694 [TestNG-test=user buy product step by step-1] INFO  com.swaglabs.utils.LogUtility - loading project config.properties file
16:54:34.695 [TestNG-test=user buy product step by step-1] INFO  com.swaglabs.utils.LogUtility - opening broswer : edge, HeadlessMode :false
16:54:41.391 [TestNG-test=user buy product step by step-1] INFO  com.swaglabs.utils.LogUtility - quiting browser...
16:59:25.578 [main] INFO  com.swaglabs.utils.LogUtility - loading project config.properties file
16:59:25.582 [main] INFO  com.swaglabs.utils.LogUtility - opening broswer : edge, HeadlessMode :false
16:59:38.485 [main] INFO  com.swaglabs.utils.LogUtility - quiting browser...
16:59:39.212 [main] INFO  com.swaglabs.utils.LogUtility - loading project config.properties file
16:59:39.212 [main] INFO  com.swaglabs.utils.LogUtility - opening broswer : edge, HeadlessMode :false
16:59:45.370 [main] ERROR com.swaglabs.utils.LogUtility - user not in products page. error occurred 
16:59:45.375 [main] INFO  com.swaglabs.utils.LogUtility - taking screenshot on failed scenario : positive and negative login tests
16:59:45.524 [main] INFO  com.swaglabs.utils.LogUtility - quiting browser...
16:59:46.221 [main] INFO  com.swaglabs.utils.LogUtility - loading project config.properties file
16:59:46.221 [main] INFO  com.swaglabs.utils.LogUtility - opening broswer : edge, HeadlessMode :false
16:59:52.513 [main] INFO  com.swaglabs.utils.LogUtility - quiting browser...
16:59:53.236 [main] INFO  com.swaglabs.utils.LogUtility - loading project config.properties file
16:59:53.236 [main] INFO  com.swaglabs.utils.LogUtility - opening broswer : edge, HeadlessMode :false
16:59:56.185 [main] INFO  com.swaglabs.utils.LogUtility - user loads login page
16:59:59.355 [main] INFO  com.swaglabs.utils.LogUtility - user types username..
16:59:59.419 [main] INFO  com.swaglabs.utils.LogUtility - user types password..
16:59:59.477 [main] INFO  com.swaglabs.utils.LogUtility - user clicks on login button
16:59:59.559 [main] INFO  com.swaglabs.utils.LogUtility - user in products page..
16:59:59.560 [main] INFO  com.swaglabs.utils.LogUtility - user sorts the products based on price high to low..
16:59:59.653 [main] INFO  com.swaglabs.utils.LogUtility - user adds first item to cart..
16:59:59.693 [main] INFO  com.swaglabs.utils.LogUtility - user navigates to cart page..
16:59:59.737 [main] INFO  com.swaglabs.utils.LogUtility - user navigates to checkout page..
16:59:59.779 [main] INFO  com.swaglabs.utils.LogUtility - user fills billing information on checkout page..
16:59:59.976 [main] INFO  com.swaglabs.utils.LogUtility - user clicks continue button on checkout page..
17:00:00.039 [main] INFO  com.swaglabs.utils.LogUtility - user in confirm checkout page..
17:00:00.093 [main] INFO  com.swaglabs.utils.LogUtility - user placed the order successfully..
17:00:00.104 [main] INFO  com.swaglabs.utils.LogUtility - quiting browser...
17:14:55.552 [TestNG-test=Surefire test-1] INFO  com.swaglabs.utils.LogUtility - loading project config.properties file
17:14:55.555 [TestNG-test=Surefire test-1] INFO  com.swaglabs.utils.LogUtility - opening broswer : edge, HeadlessMode :false
17:14:59.551 [TestNG-test=Surefire test-1] INFO  com.swaglabs.utils.LogUtility - user loads login page
17:15:02.984 [TestNG-test=Surefire test-1] INFO  com.swaglabs.utils.LogUtility - user types username..
17:15:03.056 [TestNG-test=Surefire test-1] INFO  com.swaglabs.utils.LogUtility - user types password..
17:15:03.119 [TestNG-test=Surefire test-1] INFO  com.swaglabs.utils.LogUtility - user clicks on login button
17:15:03.208 [TestNG-test=Surefire test-1] INFO  com.swaglabs.utils.LogUtility - quiting browser...
17:15:03.915 [TestNG-test=Surefire test-1] INFO  com.swaglabs.utils.LogUtility - loading project config.properties file
17:15:03.916 [TestNG-test=Surefire test-1] INFO  com.swaglabs.utils.LogUtility - opening broswer : edge, HeadlessMode :false
17:15:06.844 [TestNG-test=Surefire test-1] INFO  com.swaglabs.utils.LogUtility - user loads login page
17:15:10.239 [TestNG-test=Surefire test-1] INFO  com.swaglabs.utils.LogUtility - user types username..
17:15:10.303 [TestNG-test=Surefire test-1] INFO  com.swaglabs.utils.LogUtility - user types password..
17:15:10.364 [TestNG-test=Surefire test-1] INFO  com.swaglabs.utils.LogUtility - user clicks on login button
17:15:10.420 [TestNG-test=Surefire test-1] ERROR com.swaglabs.utils.LogUtility - user not in products page. error occurred 
17:15:10.424 [TestNG-test=Surefire test-1] INFO  com.swaglabs.utils.LogUtility - taking screenshot on failed scenario : positive and negative login tests
17:15:10.574 [TestNG-test=Surefire test-1] INFO  com.swaglabs.utils.LogUtility - quiting browser...
17:15:11.297 [TestNG-test=Surefire test-1] INFO  com.swaglabs.utils.LogUtility - loading project config.properties file
17:15:11.298 [TestNG-test=Surefire test-1] INFO  com.swaglabs.utils.LogUtility - opening broswer : edge, HeadlessMode :false
17:15:14.298 [TestNG-test=Surefire test-1] INFO  com.swaglabs.utils.LogUtility - user loads login page
17:15:18.169 [TestNG-test=Surefire test-1] INFO  com.swaglabs.utils.LogUtility - user types username..
17:15:18.232 [TestNG-test=Surefire test-1] INFO  com.swaglabs.utils.LogUtility - user types password..
17:15:18.286 [TestNG-test=Surefire test-1] INFO  com.swaglabs.utils.LogUtility - user clicks on login button
17:15:18.369 [TestNG-test=Surefire test-1] INFO  com.swaglabs.utils.LogUtility - quiting browser...
17:15:19.085 [TestNG-test=Surefire test-1] INFO  com.swaglabs.utils.LogUtility - loading project config.properties file
17:15:19.086 [TestNG-test=Surefire test-1] INFO  com.swaglabs.utils.LogUtility - opening broswer : edge, HeadlessMode :false
17:15:22.021 [TestNG-test=Surefire test-1] INFO  com.swaglabs.utils.LogUtility - user loads login page
17:15:25.275 [TestNG-test=Surefire test-1] INFO  com.swaglabs.utils.LogUtility - user types username..
17:15:25.338 [TestNG-test=Surefire test-1] INFO  com.swaglabs.utils.LogUtility - user types password..
17:15:25.397 [TestNG-test=Surefire test-1] INFO  com.swaglabs.utils.LogUtility - user clicks on login button
17:15:25.479 [TestNG-test=Surefire test-1] INFO  com.swaglabs.utils.LogUtility - user in products page..
17:15:25.480 [TestNG-test=Surefire test-1] INFO  com.swaglabs.utils.LogUtility - user sorts the products based on price high to low..
17:15:25.573 [TestNG-test=Surefire test-1] INFO  com.swaglabs.utils.LogUtility - user adds first item to cart..
17:15:25.614 [TestNG-test=Surefire test-1] INFO  com.swaglabs.utils.LogUtility - user navigates to cart page..
17:15:25.657 [TestNG-test=Surefire test-1] INFO  com.swaglabs.utils.LogUtility - user navigates to checkout page..
17:15:25.701 [TestNG-test=Surefire test-1] INFO  com.swaglabs.utils.LogUtility - user fills billing information on checkout page..
17:15:25.875 [TestNG-test=Surefire test-1] INFO  com.swaglabs.utils.LogUtility - user clicks continue button on checkout page..
17:15:25.922 [TestNG-test=Surefire test-1] INFO  com.swaglabs.utils.LogUtility - user in confirm checkout page..
17:15:25.962 [TestNG-test=Surefire test-1] INFO  com.swaglabs.utils.LogUtility - user placed the order successfully..
17:15:25.972 [TestNG-test=Surefire test-1] INFO  com.swaglabs.utils.LogUtility - quiting browser...
17:21:39.902 [TestNG-PoolService-2] INFO  com.swaglabs.utils.LogUtility - loading project config.properties file
17:21:39.902 [TestNG-PoolService-1] INFO  com.swaglabs.utils.LogUtility - loading project config.properties file
17:21:39.902 [TestNG-PoolService-3] INFO  com.swaglabs.utils.LogUtility - loading project config.properties file
17:21:39.902 [TestNG-PoolService-0] INFO  com.swaglabs.utils.LogUtility - loading project config.properties file
17:21:39.907 [TestNG-PoolService-3] INFO  com.swaglabs.utils.LogUtility - opening broswer : edge, HeadlessMode :false
17:21:39.907 [TestNG-PoolService-2] INFO  com.swaglabs.utils.LogUtility - opening broswer : edge, HeadlessMode :false
17:21:39.907 [TestNG-PoolService-0] INFO  com.swaglabs.utils.LogUtility - opening broswer : edge, HeadlessMode :false
17:21:39.907 [TestNG-PoolService-1] INFO  com.swaglabs.utils.LogUtility - opening broswer : edge, HeadlessMode :false
17:21:44.967 [TestNG-PoolService-0] INFO  com.swaglabs.utils.LogUtility - user loads login page
17:21:44.970 [TestNG-PoolService-3] INFO  com.swaglabs.utils.LogUtility - user loads login page
17:21:44.989 [TestNG-PoolService-2] INFO  com.swaglabs.utils.LogUtility - user loads login page
17:21:44.990 [TestNG-PoolService-1] INFO  com.swaglabs.utils.LogUtility - user loads login page
17:21:55.879 [TestNG-PoolService-0] INFO  com.swaglabs.utils.LogUtility - user types username..
17:21:56.419 [TestNG-PoolService-3] INFO  com.swaglabs.utils.LogUtility - user types username..
17:21:56.850 [TestNG-PoolService-2] INFO  com.swaglabs.utils.LogUtility - user types username..
17:21:57.639 [TestNG-PoolService-1] INFO  com.swaglabs.utils.LogUtility - user types username..
17:21:57.714 [TestNG-PoolService-0] INFO  com.swaglabs.utils.LogUtility - user types password..
17:21:57.735 [TestNG-PoolService-3] INFO  com.swaglabs.utils.LogUtility - user types password..
17:21:57.755 [TestNG-PoolService-2] INFO  com.swaglabs.utils.LogUtility - user types password..
17:21:57.781 [TestNG-PoolService-1] INFO  com.swaglabs.utils.LogUtility - user types password..
17:21:57.843 [TestNG-PoolService-0] INFO  com.swaglabs.utils.LogUtility - user clicks on login button
17:21:57.868 [TestNG-PoolService-3] INFO  com.swaglabs.utils.LogUtility - user clicks on login button
17:21:57.886 [TestNG-PoolService-2] INFO  com.swaglabs.utils.LogUtility - user clicks on login button
17:21:57.908 [TestNG-PoolService-1] INFO  com.swaglabs.utils.LogUtility - user clicks on login button
17:21:58.017 [TestNG-PoolService-0] ERROR com.swaglabs.utils.LogUtility - user not in products page. error occurred 
17:21:58.019 [TestNG-PoolService-3] ERROR com.swaglabs.utils.LogUtility - user not in products page. error occurred 
17:21:58.021 [TestNG-PoolService-2] ERROR com.swaglabs.utils.LogUtility - user not in products page. error occurred 
17:21:58.023 [TestNG-PoolService-1] ERROR com.swaglabs.utils.LogUtility - user not in products page. error occurred 
17:21:58.031 [TestNG-PoolService-2] INFO  com.swaglabs.utils.LogUtility - taking screenshot on failed scenario : positive and negative login tests
17:21:58.031 [TestNG-PoolService-0] INFO  com.swaglabs.utils.LogUtility - taking screenshot on failed scenario : positive and negative login tests
17:21:58.031 [TestNG-PoolService-1] INFO  com.swaglabs.utils.LogUtility - taking screenshot on failed scenario : positive and negative login tests
17:21:58.036 [TestNG-PoolService-3] INFO  com.swaglabs.utils.LogUtility - taking screenshot on failed scenario : add products to cart and checkout
17:21:58.196 [TestNG-PoolService-2] INFO  com.swaglabs.utils.LogUtility - quiting browser...
17:21:58.296 [TestNG-PoolService-1] INFO  com.swaglabs.utils.LogUtility - quiting browser...
17:21:58.398 [TestNG-PoolService-0] INFO  com.swaglabs.utils.LogUtility - quiting browser...
17:21:58.505 [TestNG-PoolService-3] INFO  com.swaglabs.utils.LogUtility - quiting browser...
17:24:29.618 [TestNG-PoolService-2] INFO  com.swaglabs.utils.LogUtility - loading project config.properties file
17:24:29.618 [TestNG-PoolService-0] INFO  com.swaglabs.utils.LogUtility - loading project config.properties file
17:24:29.618 [TestNG-PoolService-1] INFO  com.swaglabs.utils.LogUtility - loading project config.properties file
17:24:29.618 [TestNG-PoolService-3] INFO  com.swaglabs.utils.LogUtility - loading project config.properties file
17:24:29.623 [TestNG-PoolService-0] INFO  com.swaglabs.utils.LogUtility - opening broswer : edge, HeadlessMode :false
17:24:29.623 [TestNG-PoolService-1] INFO  com.swaglabs.utils.LogUtility - opening broswer : edge, HeadlessMode :false
17:24:29.623 [TestNG-PoolService-3] INFO  com.swaglabs.utils.LogUtility - opening broswer : edge, HeadlessMode :false
17:24:29.623 [TestNG-PoolService-2] INFO  com.swaglabs.utils.LogUtility - opening broswer : edge, HeadlessMode :false
17:24:34.710 [TestNG-PoolService-0] INFO  com.swaglabs.utils.LogUtility - user loads login page
17:24:34.712 [TestNG-PoolService-3] INFO  com.swaglabs.utils.LogUtility - user loads login page
17:24:34.735 [TestNG-PoolService-2] INFO  com.swaglabs.utils.LogUtility - user loads login page
17:24:34.735 [TestNG-PoolService-1] INFO  com.swaglabs.utils.LogUtility - user loads login page
17:24:41.322 [TestNG-PoolService-0] INFO  com.swaglabs.utils.LogUtility - user types username..
17:24:41.757 [TestNG-PoolService-3] INFO  com.swaglabs.utils.LogUtility - user types username..
17:24:42.187 [TestNG-PoolService-2] INFO  com.swaglabs.utils.LogUtility - user types username..
17:24:43.291 [TestNG-PoolService-1] INFO  com.swaglabs.utils.LogUtility - user types username..
17:24:43.367 [TestNG-PoolService-0] INFO  com.swaglabs.utils.LogUtility - user types password..
17:24:43.391 [TestNG-PoolService-3] INFO  com.swaglabs.utils.LogUtility - user types password..
17:24:43.416 [TestNG-PoolService-2] INFO  com.swaglabs.utils.LogUtility - user types password..
17:24:43.443 [TestNG-PoolService-1] INFO  com.swaglabs.utils.LogUtility - user types password..
17:24:43.503 [TestNG-PoolService-0] INFO  com.swaglabs.utils.LogUtility - user clicks on login button
17:24:43.527 [TestNG-PoolService-3] INFO  com.swaglabs.utils.LogUtility - user clicks on login button
17:24:43.549 [TestNG-PoolService-2] INFO  com.swaglabs.utils.LogUtility - user clicks on login button
17:24:43.574 [TestNG-PoolService-1] INFO  com.swaglabs.utils.LogUtility - user clicks on login button
17:24:43.698 [TestNG-PoolService-0] ERROR com.swaglabs.utils.LogUtility - user not in products page. error occurred 
17:24:43.700 [TestNG-PoolService-3] ERROR com.swaglabs.utils.LogUtility - user not in products page. error occurred 
17:24:43.704 [TestNG-PoolService-2] ERROR com.swaglabs.utils.LogUtility - user not in products page. error occurred 
17:24:43.708 [TestNG-PoolService-1] ERROR com.swaglabs.utils.LogUtility - user not in products page. error occurred 
17:24:43.709 [TestNG-PoolService-0] INFO  com.swaglabs.utils.LogUtility - taking screenshot on failed scenario : positive and negative login tests
17:24:43.709 [TestNG-PoolService-2] INFO  com.swaglabs.utils.LogUtility - taking screenshot on failed scenario : positive and negative login tests
17:24:43.710 [TestNG-PoolService-1] INFO  com.swaglabs.utils.LogUtility - taking screenshot on failed scenario : positive and negative login tests
17:24:43.715 [TestNG-PoolService-3] INFO  com.swaglabs.utils.LogUtility - taking screenshot on failed scenario : add products to cart and checkout
17:24:43.873 [TestNG-PoolService-0] INFO  com.swaglabs.utils.LogUtility - quiting browser...
17:24:44.005 [TestNG-PoolService-2] INFO  com.swaglabs.utils.LogUtility - quiting browser...
17:24:44.085 [TestNG-PoolService-1] INFO  com.swaglabs.utils.LogUtility - quiting browser...
17:24:44.199 [TestNG-PoolService-3] INFO  com.swaglabs.utils.LogUtility - quiting browser...
17:27:34.132 [main] INFO  com.swaglabs.utils.LogUtility - loading project config.properties file
17:27:34.135 [main] INFO  com.swaglabs.utils.LogUtility - opening broswer : edge, HeadlessMode :false
17:27:37.987 [main] INFO  com.swaglabs.utils.LogUtility - user loads login page
17:27:41.547 [main] INFO  com.swaglabs.utils.LogUtility - user types username..
17:27:41.615 [main] INFO  com.swaglabs.utils.LogUtility - user types password..
17:27:41.674 [main] INFO  com.swaglabs.utils.LogUtility - user clicks on login button
17:27:41.765 [main] INFO  com.swaglabs.utils.LogUtility - quiting browser...
17:27:42.520 [main] INFO  com.swaglabs.utils.LogUtility - loading project config.properties file
17:27:42.521 [main] INFO  com.swaglabs.utils.LogUtility - opening broswer : edge, HeadlessMode :false
17:27:45.492 [main] INFO  com.swaglabs.utils.LogUtility - user loads login page
17:27:49.812 [main] INFO  com.swaglabs.utils.LogUtility - user types username..
17:27:49.874 [main] INFO  com.swaglabs.utils.LogUtility - user types password..
17:27:49.930 [main] INFO  com.swaglabs.utils.LogUtility - user clicks on login button
17:27:49.983 [main] ERROR com.swaglabs.utils.LogUtility - user not in products page. error occurred 
17:27:49.990 [main] INFO  com.swaglabs.utils.LogUtility - taking screenshot on failed scenario : positive and negative login tests
17:27:50.172 [main] INFO  com.swaglabs.utils.LogUtility - quiting browser...
17:27:50.878 [main] INFO  com.swaglabs.utils.LogUtility - loading project config.properties file
17:27:50.878 [main] INFO  com.swaglabs.utils.LogUtility - opening broswer : edge, HeadlessMode :false
17:27:53.898 [main] INFO  com.swaglabs.utils.LogUtility - user loads login page
17:27:56.926 [main] INFO  com.swaglabs.utils.LogUtility - user types username..
17:27:56.987 [main] INFO  com.swaglabs.utils.LogUtility - user types password..
17:27:57.043 [main] INFO  com.swaglabs.utils.LogUtility - user clicks on login button
17:27:57.124 [main] INFO  com.swaglabs.utils.LogUtility - quiting browser...
17:27:57.870 [main] INFO  com.swaglabs.utils.LogUtility - loading project config.properties file
17:27:57.871 [main] INFO  com.swaglabs.utils.LogUtility - opening broswer : edge, HeadlessMode :false
17:28:00.836 [main] INFO  com.swaglabs.utils.LogUtility - user loads login page
17:28:04.831 [main] INFO  com.swaglabs.utils.LogUtility - user types username..
17:28:04.893 [main] INFO  com.swaglabs.utils.LogUtility - user types password..
17:28:04.949 [main] INFO  com.swaglabs.utils.LogUtility - user clicks on login button
17:28:05.029 [main] INFO  com.swaglabs.utils.LogUtility - user in products page..
17:28:05.029 [main] INFO  com.swaglabs.utils.LogUtility - user sorts the products based on price high to low..
17:28:05.116 [main] INFO  com.swaglabs.utils.LogUtility - user adds first item to cart..
17:28:05.153 [main] INFO  com.swaglabs.utils.LogUtility - user navigates to cart page..
17:28:05.196 [main] INFO  com.swaglabs.utils.LogUtility - user navigates to checkout page..
17:28:05.236 [main] INFO  com.swaglabs.utils.LogUtility - user fills billing information on checkout page..
17:28:05.408 [main] INFO  com.swaglabs.utils.LogUtility - user clicks continue button on checkout page..
17:28:05.454 [main] INFO  com.swaglabs.utils.LogUtility - user in confirm checkout page..
17:28:05.496 [main] INFO  com.swaglabs.utils.LogUtility - user placed the order successfully..
17:28:05.502 [main] INFO  com.swaglabs.utils.LogUtility - quiting browser...
17:31:44.801 [main] INFO  com.swaglabs.utils.LogUtility - loading project config.properties file
17:31:44.804 [main] INFO  com.swaglabs.utils.LogUtility - opening broswer : chrome, HeadlessMode :false
17:31:48.347 [main] INFO  com.swaglabs.utils.LogUtility - user loads login page
17:31:51.336 [main] INFO  com.swaglabs.utils.LogUtility - user types username..
17:31:51.405 [main] INFO  com.swaglabs.utils.LogUtility - user types password..
17:31:51.462 [main] INFO  com.swaglabs.utils.LogUtility - user clicks on login button
17:31:51.553 [main] INFO  com.swaglabs.utils.LogUtility - quiting browser...
17:31:52.219 [main] INFO  com.swaglabs.utils.LogUtility - loading project config.properties file
17:31:52.220 [main] INFO  com.swaglabs.utils.LogUtility - opening broswer : chrome, HeadlessMode :false
17:31:53.423 [main] INFO  com.swaglabs.utils.LogUtility - user loads login page
17:31:56.612 [main] INFO  com.swaglabs.utils.LogUtility - user types username..
17:31:56.682 [main] INFO  com.swaglabs.utils.LogUtility - user types password..
17:31:56.742 [main] INFO  com.swaglabs.utils.LogUtility - user clicks on login button
17:31:56.797 [main] ERROR com.swaglabs.utils.LogUtility - user not in products page. error occurred 
17:31:56.802 [main] INFO  com.swaglabs.utils.LogUtility - taking screenshot on failed scenario : positive and negative login tests
17:31:56.931 [main] INFO  com.swaglabs.utils.LogUtility - quiting browser...
17:31:57.567 [main] INFO  com.swaglabs.utils.LogUtility - loading project config.properties file
17:31:57.568 [main] INFO  com.swaglabs.utils.LogUtility - opening broswer : chrome, HeadlessMode :false
17:31:58.784 [main] INFO  com.swaglabs.utils.LogUtility - user loads login page
17:32:01.789 [main] INFO  com.swaglabs.utils.LogUtility - user types username..
17:32:01.847 [main] INFO  com.swaglabs.utils.LogUtility - user types password..
17:32:01.899 [main] INFO  com.swaglabs.utils.LogUtility - user clicks on login button
17:32:01.994 [main] INFO  com.swaglabs.utils.LogUtility - quiting browser...
17:32:02.652 [main] INFO  com.swaglabs.utils.LogUtility - loading project config.properties file
17:32:02.653 [main] INFO  com.swaglabs.utils.LogUtility - opening broswer : chrome, HeadlessMode :false
17:32:03.890 [main] INFO  com.swaglabs.utils.LogUtility - user loads login page
17:32:07.118 [main] INFO  com.swaglabs.utils.LogUtility - user types username..
17:32:07.173 [main] INFO  com.swaglabs.utils.LogUtility - user types password..
17:32:07.225 [main] INFO  com.swaglabs.utils.LogUtility - user clicks on login button
17:32:07.298 [main] INFO  com.swaglabs.utils.LogUtility - user in products page..
17:32:07.301 [main] INFO  com.swaglabs.utils.LogUtility - user sorts the products based on price high to low..
17:32:07.383 [main] INFO  com.swaglabs.utils.LogUtility - user adds first item to cart..
17:32:07.421 [main] INFO  com.swaglabs.utils.LogUtility - user navigates to cart page..
17:32:07.465 [main] INFO  com.swaglabs.utils.LogUtility - user navigates to checkout page..
17:32:07.500 [main] INFO  com.swaglabs.utils.LogUtility - user fills billing information on checkout page..
17:32:07.668 [main] INFO  com.swaglabs.utils.LogUtility - user clicks continue button on checkout page..
17:32:07.718 [main] INFO  com.swaglabs.utils.LogUtility - user in confirm checkout page..
17:32:07.758 [main] INFO  com.swaglabs.utils.LogUtility - user placed the order successfully..
17:32:07.765 [main] INFO  com.swaglabs.utils.LogUtility - quiting browser...
17:33:57.361 [main] INFO  com.swaglabs.utils.LogUtility - loading project config.properties file
17:33:57.364 [main] INFO  com.swaglabs.utils.LogUtility - opening broswer : chrome, HeadlessMode :true
17:33:59.507 [main] INFO  com.swaglabs.utils.LogUtility - user loads login page
17:34:04.864 [main] INFO  com.swaglabs.utils.LogUtility - user types username..
17:34:04.926 [main] INFO  com.swaglabs.utils.LogUtility - user types password..
17:34:04.975 [main] INFO  com.swaglabs.utils.LogUtility - user clicks on login button
17:34:05.060 [main] INFO  com.swaglabs.utils.LogUtility - quiting browser...
17:34:05.666 [main] INFO  com.swaglabs.utils.LogUtility - loading project config.properties file
17:34:05.666 [main] INFO  com.swaglabs.utils.LogUtility - opening broswer : chrome, HeadlessMode :true
17:34:06.852 [main] INFO  com.swaglabs.utils.LogUtility - user loads login page
17:34:10.045 [main] INFO  com.swaglabs.utils.LogUtility - user types username..
17:34:10.112 [main] INFO  com.swaglabs.utils.LogUtility - user types password..
17:34:10.165 [main] INFO  com.swaglabs.utils.LogUtility - user clicks on login button
17:34:10.213 [main] ERROR com.swaglabs.utils.LogUtility - user not in products page. error occurred 
17:34:10.217 [main] INFO  com.swaglabs.utils.LogUtility - taking screenshot on failed scenario : positive and negative login tests
17:34:10.269 [main] INFO  com.swaglabs.utils.LogUtility - quiting browser...
17:34:10.852 [main] INFO  com.swaglabs.utils.LogUtility - loading project config.properties file
17:34:10.852 [main] INFO  com.swaglabs.utils.LogUtility - opening broswer : chrome, HeadlessMode :true
17:34:12.013 [main] INFO  com.swaglabs.utils.LogUtility - user loads login page
17:34:15.061 [main] INFO  com.swaglabs.utils.LogUtility - user types username..
17:34:15.137 [main] INFO  com.swaglabs.utils.LogUtility - user types password..
17:34:15.197 [main] INFO  com.swaglabs.utils.LogUtility - user clicks on login button
17:34:15.280 [main] INFO  com.swaglabs.utils.LogUtility - quiting browser...
17:34:15.863 [main] INFO  com.swaglabs.utils.LogUtility - loading project config.properties file
17:34:15.863 [main] INFO  com.swaglabs.utils.LogUtility - opening broswer : chrome, HeadlessMode :true
17:34:17.034 [main] INFO  com.swaglabs.utils.LogUtility - user loads login page
17:34:20.162 [main] INFO  com.swaglabs.utils.LogUtility - user types username..
17:34:20.223 [main] INFO  com.swaglabs.utils.LogUtility - user types password..
17:34:20.273 [main] INFO  com.swaglabs.utils.LogUtility - user clicks on login button
17:34:20.345 [main] INFO  com.swaglabs.utils.LogUtility - user in products page..
17:34:20.345 [main] INFO  com.swaglabs.utils.LogUtility - user sorts the products based on price high to low..
17:34:20.421 [main] INFO  com.swaglabs.utils.LogUtility - user adds first item to cart..
17:34:20.456 [main] INFO  com.swaglabs.utils.LogUtility - user navigates to cart page..
17:34:20.496 [main] INFO  com.swaglabs.utils.LogUtility - user navigates to checkout page..
17:34:20.535 [main] INFO  com.swaglabs.utils.LogUtility - user fills billing information on checkout page..
17:34:20.694 [main] INFO  com.swaglabs.utils.LogUtility - user clicks continue button on checkout page..
17:34:20.744 [main] INFO  com.swaglabs.utils.LogUtility - user in confirm checkout page..
17:34:20.784 [main] INFO  com.swaglabs.utils.LogUtility - user placed the order successfully..
17:34:20.790 [main] INFO  com.swaglabs.utils.LogUtility - quiting browser...
22:21:16.843 [main] INFO  com.swaglabs.utils.LogUtility - loading project config.properties file
22:21:16.843 [main] INFO  com.swaglabs.utils.LogUtility - opening broswer : firefox, HeadlessMode :true
22:22:21.081 [main] INFO  com.swaglabs.utils.LogUtility - user loads login page
22:22:31.752 [main] INFO  com.swaglabs.utils.LogUtility - user types username..
22:22:31.826 [main] INFO  com.swaglabs.utils.LogUtility - user types password..
22:22:31.847 [main] INFO  com.swaglabs.utils.LogUtility - user clicks on login button
22:22:32.144 [main] INFO  com.swaglabs.utils.LogUtility - quiting browser...
22:22:33.035 [main] INFO  com.swaglabs.utils.LogUtility - loading project config.properties file
22:22:33.035 [main] INFO  com.swaglabs.utils.LogUtility - opening broswer : firefox, HeadlessMode :true
22:22:35.382 [main] INFO  com.swaglabs.utils.LogUtility - user loads login page
22:22:40.030 [main] INFO  com.swaglabs.utils.LogUtility - user types username..
22:22:40.084 [main] INFO  com.swaglabs.utils.LogUtility - user types password..
22:22:40.109 [main] INFO  com.swaglabs.utils.LogUtility - user clicks on login button
22:22:40.361 [main] ERROR com.swaglabs.utils.LogUtility - user not in products page. error occurred 
22:22:40.370 [main] INFO  com.swaglabs.utils.LogUtility - taking screenshot on failed scenario : positive and negative login tests
22:22:40.417 [main] INFO  com.swaglabs.utils.LogUtility - quiting browser...
22:22:41.225 [main] INFO  com.swaglabs.utils.LogUtility - loading project config.properties file
22:22:41.225 [main] INFO  com.swaglabs.utils.LogUtility - opening broswer : firefox, HeadlessMode :true
22:22:43.562 [main] INFO  com.swaglabs.utils.LogUtility - user loads login page
22:22:47.941 [main] INFO  com.swaglabs.utils.LogUtility - user types username..
22:22:47.990 [main] INFO  com.swaglabs.utils.LogUtility - user types password..
22:22:48.005 [main] INFO  com.swaglabs.utils.LogUtility - user clicks on login button
22:22:48.287 [main] INFO  com.swaglabs.utils.LogUtility - quiting browser...
22:22:49.153 [main] INFO  com.swaglabs.utils.LogUtility - loading project config.properties file
22:22:49.153 [main] INFO  com.swaglabs.utils.LogUtility - opening broswer : firefox, HeadlessMode :true
22:22:51.568 [main] INFO  com.swaglabs.utils.LogUtility - user loads login page
22:22:53.469 [main] INFO  com.swaglabs.utils.LogUtility - user types username..
22:22:53.523 [main] INFO  com.swaglabs.utils.LogUtility - user types password..
22:22:53.537 [main] INFO  com.swaglabs.utils.LogUtility - user clicks on login button
22:22:53.823 [main] INFO  com.swaglabs.utils.LogUtility - user in products page..
22:22:53.823 [main] INFO  com.swaglabs.utils.LogUtility - user sorts the products based on price high to low..
22:22:54.097 [main] INFO  com.swaglabs.utils.LogUtility - user adds first item to cart..
22:22:54.322 [main] INFO  com.swaglabs.utils.LogUtility - user navigates to cart page..
22:22:54.564 [main] INFO  com.swaglabs.utils.LogUtility - user navigates to checkout page..
22:22:54.797 [main] INFO  com.swaglabs.utils.LogUtility - user fills billing information on checkout page..
22:22:54.848 [main] INFO  com.swaglabs.utils.LogUtility - user clicks continue button on checkout page..
22:22:55.090 [main] INFO  com.swaglabs.utils.LogUtility - user in confirm checkout page..
22:22:55.328 [main] INFO  com.swaglabs.utils.LogUtility - user placed the order successfully..
22:22:55.343 [main] INFO  com.swaglabs.utils.LogUtility - taking screenshot on failed scenario : add products to cart and checkout
22:22:55.376 [main] INFO  com.swaglabs.utils.LogUtility - quiting browser...
22:34:50.168 [main] INFO  com.swaglabs.utils.LogUtility - loading project config.properties file
22:34:50.168 [main] INFO  com.swaglabs.utils.LogUtility - opening broswer : chrome, HeadlessMode :false
22:34:58.513 [main] INFO  com.swaglabs.utils.LogUtility - taking screenshot on failed scenario : login tests with different credentials
22:34:58.517 [main] INFO  com.swaglabs.utils.LogUtility - quiting browser...
22:34:58.547 [main] INFO  com.swaglabs.utils.LogUtility - loading project config.properties file
22:34:58.547 [main] INFO  com.swaglabs.utils.LogUtility - opening broswer : chrome, HeadlessMode :false
22:35:02.499 [main] INFO  com.swaglabs.utils.LogUtility - taking screenshot on failed scenario : login tests with different credentials
22:35:02.499 [main] INFO  com.swaglabs.utils.LogUtility - quiting browser...
22:35:02.514 [main] INFO  com.swaglabs.utils.LogUtility - loading project config.properties file
22:35:02.514 [main] INFO  com.swaglabs.utils.LogUtility - opening broswer : chrome, HeadlessMode :false
22:35:06.596 [main] INFO  com.swaglabs.utils.LogUtility - taking screenshot on failed scenario : add products to cart and checkout
22:35:06.596 [main] INFO  com.swaglabs.utils.LogUtility - quiting browser...
22:42:25.843 [main] INFO  com.swaglabs.utils.LogUtility - loading project config.properties file
22:42:25.843 [main] INFO  com.swaglabs.utils.LogUtility - opening broswer : chrome, HeadlessMode :false
22:42:35.823 [main] INFO  com.swaglabs.utils.LogUtility - taking screenshot on failed scenario : login tests with different credentials
22:42:35.823 [main] INFO  com.swaglabs.utils.LogUtility - quiting browser...
22:42:35.873 [main] INFO  com.swaglabs.utils.LogUtility - loading project config.properties file
22:42:35.875 [main] INFO  com.swaglabs.utils.LogUtility - opening broswer : chrome, HeadlessMode :false
22:42:37.337 [main] INFO  com.swaglabs.utils.LogUtility - taking screenshot on failed scenario : login tests with different credentials
22:42:37.337 [main] INFO  com.swaglabs.utils.LogUtility - quiting browser...
22:42:37.387 [main] INFO  com.swaglabs.utils.LogUtility - loading project config.properties file
22:42:37.387 [main] INFO  com.swaglabs.utils.LogUtility - opening broswer : chrome, HeadlessMode :false
22:42:38.620 [main] INFO  com.swaglabs.utils.LogUtility - taking screenshot on failed scenario : add products to cart and checkout
22:42:38.621 [main] INFO  com.swaglabs.utils.LogUtility - quiting browser...
22:47:13.374 [main] INFO  com.swaglabs.utils.LogUtility - loading project config.properties file
22:47:13.384 [main] INFO  com.swaglabs.utils.LogUtility - opening broswer : chrome, HeadlessMode :true
22:47:16.442 [main] INFO  com.swaglabs.utils.LogUtility - taking screenshot on failed scenario : login tests with different credentials
22:47:16.442 [main] INFO  com.swaglabs.utils.LogUtility - quiting browser...
22:47:16.476 [main] INFO  com.swaglabs.utils.LogUtility - loading project config.properties file
22:47:16.477 [main] INFO  com.swaglabs.utils.LogUtility - opening broswer : chrome, HeadlessMode :true
22:47:17.665 [main] INFO  com.swaglabs.utils.LogUtility - taking screenshot on failed scenario : login tests with different credentials
22:47:17.665 [main] INFO  com.swaglabs.utils.LogUtility - quiting browser...
22:47:17.692 [main] INFO  com.swaglabs.utils.LogUtility - loading project config.properties file
22:47:17.692 [main] INFO  com.swaglabs.utils.LogUtility - opening broswer : chrome, HeadlessMode :true
22:47:18.895 [main] INFO  com.swaglabs.utils.LogUtility - taking screenshot on failed scenario : add products to cart and checkout
22:47:18.895 [main] INFO  com.swaglabs.utils.LogUtility - quiting browser...
22:47:53.711 [main] INFO  com.swaglabs.utils.LogUtility - loading project config.properties file
22:47:53.711 [main] INFO  com.swaglabs.utils.LogUtility - opening broswer : firefox, HeadlessMode :true
22:47:57.244 [main] INFO  com.swaglabs.utils.LogUtility - user loads login page
22:47:59.110 [main] INFO  com.swaglabs.utils.LogUtility - user types username..
22:47:59.177 [main] INFO  com.swaglabs.utils.LogUtility - user types password..
22:47:59.201 [main] INFO  com.swaglabs.utils.LogUtility - user clicks on login button
22:47:59.482 [main] INFO  com.swaglabs.utils.LogUtility - quiting browser...
22:48:00.336 [main] INFO  com.swaglabs.utils.LogUtility - loading project config.properties file
22:48:00.336 [main] INFO  com.swaglabs.utils.LogUtility - opening broswer : firefox, HeadlessMode :true
22:48:02.595 [main] INFO  com.swaglabs.utils.LogUtility - user loads login page
22:48:03.767 [main] INFO  com.swaglabs.utils.LogUtility - user types username..
22:48:03.820 [main] INFO  com.swaglabs.utils.LogUtility - user types password..
22:48:03.852 [main] INFO  com.swaglabs.utils.LogUtility - user clicks on login button
22:48:04.134 [main] INFO  com.swaglabs.utils.LogUtility - quiting browser...
22:48:05.046 [main] INFO  com.swaglabs.utils.LogUtility - loading project config.properties file
22:48:05.046 [main] INFO  com.swaglabs.utils.LogUtility - opening broswer : firefox, HeadlessMode :true
22:48:07.399 [main] INFO  com.swaglabs.utils.LogUtility - user loads login page
22:48:08.905 [main] INFO  com.swaglabs.utils.LogUtility - user types username..
22:48:08.970 [main] INFO  com.swaglabs.utils.LogUtility - user types password..
22:48:08.996 [main] INFO  com.swaglabs.utils.LogUtility - user clicks on login button
22:48:09.259 [main] INFO  com.swaglabs.utils.LogUtility - user in products page..
22:48:09.259 [main] INFO  com.swaglabs.utils.LogUtility - user sorts the products based on price high to low..
22:48:09.522 [main] INFO  com.swaglabs.utils.LogUtility - user adds first item to cart..
22:48:09.744 [main] INFO  com.swaglabs.utils.LogUtility - user navigates to cart page..
22:48:09.973 [main] INFO  com.swaglabs.utils.LogUtility - user navigates to checkout page..
22:48:10.197 [main] INFO  com.swaglabs.utils.LogUtility - user fills billing information on checkout page..
22:48:10.263 [main] INFO  com.swaglabs.utils.LogUtility - user clicks continue button on checkout page..
22:48:10.490 [main] INFO  com.swaglabs.utils.LogUtility - user in confirm checkout page..
22:48:10.712 [main] INFO  com.swaglabs.utils.LogUtility - user placed the order successfully..
22:48:10.718 [main] INFO  com.swaglabs.utils.LogUtility - quiting browser...
22:49:27.983 [main] INFO  com.swaglabs.utils.LogUtility - loading project config.properties file
22:49:27.983 [main] INFO  com.swaglabs.utils.LogUtility - opening broswer : firefox, HeadlessMode :true
22:49:31.590 [main] INFO  com.swaglabs.utils.LogUtility - user loads login page
22:49:33.624 [main] INFO  com.swaglabs.utils.LogUtility - user types username..
22:49:33.691 [main] INFO  com.swaglabs.utils.LogUtility - user types password..
22:49:33.727 [main] INFO  com.swaglabs.utils.LogUtility - user clicks on login button
22:49:34.005 [main] INFO  com.swaglabs.utils.LogUtility - quiting browser...
22:49:34.778 [main] INFO  com.swaglabs.utils.LogUtility - loading project config.properties file
22:49:34.778 [main] INFO  com.swaglabs.utils.LogUtility - opening broswer : firefox, HeadlessMode :true
22:49:36.976 [main] INFO  com.swaglabs.utils.LogUtility - user loads login page
22:49:38.416 [main] INFO  com.swaglabs.utils.LogUtility - user types username..
22:49:38.471 [main] INFO  com.swaglabs.utils.LogUtility - user types password..
22:49:38.497 [main] INFO  com.swaglabs.utils.LogUtility - user clicks on login button
22:49:38.782 [main] INFO  com.swaglabs.utils.LogUtility - quiting browser...
22:49:39.559 [main] INFO  com.swaglabs.utils.LogUtility - loading project config.properties file
22:49:39.559 [main] INFO  com.swaglabs.utils.LogUtility - opening broswer : firefox, HeadlessMode :true
22:49:41.878 [main] INFO  com.swaglabs.utils.LogUtility - user loads login page
22:49:43.420 [main] INFO  com.swaglabs.utils.LogUtility - user types username..
22:49:43.472 [main] INFO  com.swaglabs.utils.LogUtility - user types password..
22:49:43.499 [main] INFO  com.swaglabs.utils.LogUtility - user clicks on login button
22:49:43.778 [main] INFO  com.swaglabs.utils.LogUtility - user in products page..
22:49:43.778 [main] INFO  com.swaglabs.utils.LogUtility - user sorts the products based on price high to low..
22:49:44.052 [main] INFO  com.swaglabs.utils.LogUtility - user adds first item to cart..
22:49:44.274 [main] INFO  com.swaglabs.utils.LogUtility - user navigates to cart page..
22:49:44.502 [main] INFO  com.swaglabs.utils.LogUtility - user navigates to checkout page..
22:49:44.726 [main] INFO  com.swaglabs.utils.LogUtility - user fills billing information on checkout page..
22:49:44.792 [main] INFO  com.swaglabs.utils.LogUtility - user clicks continue button on checkout page..
22:49:45.022 [main] INFO  com.swaglabs.utils.LogUtility - user in confirm checkout page..
22:49:45.249 [main] INFO  com.swaglabs.utils.LogUtility - user placed the order successfully..
22:49:45.261 [main] INFO  com.swaglabs.utils.LogUtility - quiting browser...
